[debug] [2024-12-10T09:30:51.972Z] ----------------------------------------------------------------------
[debug] [2024-12-10T09:30:52.002Z] Command:       C:\Program Files\nodejs\node.exe C:\Program Files\nodejs\node_modules\firebase-tools\lib\bin\firebase.js deploy
[debug] [2024-12-10T09:30:52.003Z] CLI Version:   12.8.0
[debug] [2024-12-10T09:30:52.004Z] Platform:      win32
[debug] [2024-12-10T09:30:52.004Z] Node Version:  v20.15.0
[debug] [2024-12-10T09:30:52.005Z] Time:          Tue Dec 10 2024 17:30:52 GMT+0800 (Singapore Standard Time)
[debug] [2024-12-10T09:30:52.005Z] ----------------------------------------------------------------------
[debug] 
[debug] [2024-12-10T09:30:52.366Z] > command requires scopes: ["email","openid","https://www.googleapis.com/auth/cloudplatformprojects.readonly","https://www.googleapis.com/auth/firebase","https://www.googleapis.com/auth/cloud-platform"]
[debug] [2024-12-10T09:30:52.368Z] > authorizing via signed-in user (chmsua910@gmail.com)
[debug] [2024-12-10T09:30:52.368Z] [iam] checking project chmsu-amapp for permissions ["firebase.projects.get","firebasehosting.sites.update"]
[debug] [2024-12-10T09:30:52.372Z] > refreshing access token with scopes: []
[debug] [2024-12-10T09:30:52.376Z] >>> [apiv2][query] POST https://www.googleapis.com/oauth2/v3/token [none]
[debug] [2024-12-10T09:30:52.377Z] >>> [apiv2][body] POST https://www.googleapis.com/oauth2/v3/token [omitted]
[debug] [2024-12-10T09:31:07.442Z] *** [apiv2] error from fetch(https://www.googleapis.com/oauth2/v3/token, {"headers":{},"method":"POST","body":{"_overheadLength":545,"_valueLength":212,"_valuesToMeasure":[],"writable":false,"readable":true,"dataSize":0,"maxDataSize":2097152,"pauseStreams":true,"_released":true,"_streams":[],"_currentStream":null,"_insideLoop":false,"_pendingNext":false,"_boundary":"--------------------------178825308934822499550683","_events":{},"_eventsCount":1}}): FetchError: request to https://www.googleapis.com/oauth2/v3/token failed, reason: Client network socket disconnected before secure TLS connection was established
[debug] [2024-12-10T09:31:07.443Z] [iam] error while checking permissions, command may fail: FirebaseError: Authentication Error: Your credentials are no longer valid. Please run firebase login --reauth

For CI servers and headless environments, generate a new token with firebase login:ci
[debug] [2024-12-10T09:31:07.444Z] > refreshing access token with scopes: []
[debug] [2024-12-10T09:31:07.445Z] >>> [apiv2][query] POST https://www.googleapis.com/oauth2/v3/token [none]
[debug] [2024-12-10T09:31:07.446Z] >>> [apiv2][body] POST https://www.googleapis.com/oauth2/v3/token [omitted]
[debug] [2024-12-10T09:31:30.471Z] *** [apiv2] error from fetch(https://www.googleapis.com/oauth2/v3/token, {"headers":{},"method":"POST","body":{"_overheadLength":545,"_valueLength":212,"_valuesToMeasure":[],"writable":false,"readable":true,"dataSize":0,"maxDataSize":2097152,"pauseStreams":true,"_released":true,"_streams":[],"_currentStream":null,"_insideLoop":false,"_pendingNext":false,"_boundary":"--------------------------913936459392734201570056","_events":{},"_eventsCount":1}}): FetchError: request to https://www.googleapis.com/oauth2/v3/token failed, reason: 
[debug] [2024-12-10T09:31:30.472Z] Authentication Error: Your credentials are no longer valid. Please run firebase login --reauth

For CI servers and headless environments, generate a new token with firebase login:ci
[debug] [2024-12-10T09:31:35.510Z] Error: Timed out.
    at Timeout._onTimeout (C:\Program Files\nodejs\node_modules\firebase-tools\lib\utils.js:254:49)
    at listOnTimeout (node:internal/timers:573:17)
    at process.processTimers (node:internal/timers:514:7)
[error] 
[error] Error: An unexpected error has occurred.
